<?xml version="1.0" encoding="UTF-8"?>
<!-- Generated by org.testng.reporters.JUnitXMLReporter -->
<testsuite ignored="0" hostname="LTIN233777" failures="0" tests="9" name="ChromeTest" time="89.63" errors="0" timestamp="2024-02-09T09:58:14 IST">
  <testcase classname="TestCases.TC001_HomePage" name="test1" time="1.415"/>
  <testcase classname="TestCases.TC001_HomePage" name="test" time="12.597"/>
  <testcase classname="TestCases.TC002_UsedCars" name="test3" time="27.135"/>
  <testcase classname="TestCases.TC002_UsedCars" name="test4" time="1.68"/>
  <testcase classname="TestCases.TC001_HomePage" name="test5" time="2.406"/>
  <testcase classname="TestCases.TC003_UpcomingBikePage" name="test6" time="2.664"/>
  <testcase classname="TestCases.TC003_UpcomingBikePage" name="test7" time="11.093"/>
  <testcase classname="TestCases.TC003_UpcomingBikePage" name="test8" time="1.556"/>
  <testcase classname="TestCases.TC001_HomePage" name="Test9" time="9.651"/>
</testsuite> <!-- ChromeTest -->
