<?xml version="1.0" encoding="UTF-8"?>
<!-- Generated by org.testng.reporters.JUnitXMLReporter -->
<testsuite ignored="0" hostname="LTIN233777" failures="0" tests="6" name="ChromeTest" time="165.428" errors="0" timestamp="2024-02-07T10:17:41 IST">
  <testcase classname="TestCases.TC001_HomePage" name="test1" time="2.012"/>
  <testcase classname="TestCases.TC001_HomePage" name="test2" time="32.648"/>
  <testcase classname="TestCases.TC001_HomePage" name="test6" time="39.841"/>
  <testcase classname="TestCases.TC003_UsedCars" name="test7" time="26.865"/>
  <testcase classname="TestCases.TC003_UsedCars" name="test8" time="3.201"/>
  <testcase classname="TestCases.TC001_HomePage" name="Test9" time="11.15"/>
</testsuite> <!-- ChromeTest -->
