<?xml version="1.0" encoding="UTF-8"?>
<!-- Generated by org.testng.reporters.JUnitXMLReporter -->
<testsuite ignored="0" hostname="LTIN233777" failures="0" tests="6" name="EdgeTest" time="220.978" errors="0" timestamp="2024-02-07T10:21:22 IST">
  <testcase classname="TestCases.TC001_HomePage" name="test1" time="0.484"/>
  <testcase classname="TestCases.TC001_HomePage" name="test2" time="59.028"/>
  <testcase classname="TestCases.TC001_HomePage" name="test6" time="41.374"/>
  <testcase classname="TestCases.TC003_UsedCars" name="test7" time="25.198"/>
  <testcase classname="TestCases.TC003_UsedCars" name="test8" time="34.616"/>
  <testcase classname="TestCases.TC001_HomePage" name="Test9" time="8.639"/>
</testsuite> <!-- EdgeTest -->
