<?xml version="1.0" encoding="UTF-8"?>
<!-- Generated by org.testng.reporters.JUnitXMLReporter -->
<testsuite ignored="0" hostname="LTIN233777" failures="0" tests="9" name="ChromeTest" time="85.581" errors="0" timestamp="2024-02-02T10:19:02 IST">
  <testcase classname="TestCases.TC001_HomePage" name="test1" time="1.334"/>
  <testcase classname="TestCases.TC001_HomePage" name="test2" time="9.027"/>
  <testcase classname="TestCases.TC002_UsedCars" name="test3" time="25.146"/>
  <testcase classname="TestCases.TC002_UsedCars" name="test4" time="1.528"/>
  <testcase classname="TestCases.TC001_HomePage" name="Test5" time="3.543"/>
  <testcase classname="TestCases.TC003_UpcomingBikePage" name="test6" time="2.098"/>
  <testcase classname="TestCases.TC003_UpcomingBikePage" name="test7" time="13.436"/>
  <testcase classname="TestCases.TC003_UpcomingBikePage" name="test8" time="2.256"/>
  <testcase classname="TestCases.TC001_HomePage" name="Test9" time="7.635"/>
</testsuite> <!-- ChromeTest -->
