<?xml version="1.0" encoding="UTF-8"?>
<!-- Generated by org.testng.reporters.JUnitXMLReporter -->
<testsuite ignored="0" hostname="LTIN233777" failures="0" tests="9" name="ChromeTest" time="100.533" errors="0" timestamp="2024-02-15T10:03:31 IST">
  <testcase classname="TestCases.TC001_HomePage" name="test1" time="1.615"/>
  <testcase classname="TestCases.TC001_HomePage" name="test" time="12.556"/>
  <testcase classname="TestCases.TC002_UsedCars" name="test3" time="28.113"/>
  <testcase classname="TestCases.TC002_UsedCars" name="test4" time="1.985"/>
  <testcase classname="TestCases.TC001_HomePage" name="test5" time="4.465"/>
  <testcase classname="TestCases.TC003_UpcomingBikePage" name="test6" time="3.125"/>
  <testcase classname="TestCases.TC003_UpcomingBikePage" name="test7" time="13.504"/>
  <testcase classname="TestCases.TC003_UpcomingBikePage" name="test8" time="2.076"/>
  <testcase classname="TestCases.TC001_HomePage" name="Test9" time="10.219"/>
</testsuite> <!-- ChromeTest -->
