<?xml version="1.0" encoding="UTF-8"?>
<!-- Generated by org.testng.reporters.JUnitXMLReporter -->
<testsuite ignored="0" hostname="LTIN233777" failures="0" tests="9" name="EdgeTest" time="79.68" errors="0" timestamp="2024-02-02T10:20:22 IST">
  <testcase classname="TestCases.TC001_HomePage" name="test1" time="1.074"/>
  <testcase classname="TestCases.TC001_HomePage" name="test2" time="8.998"/>
  <testcase classname="TestCases.TC002_UsedCars" name="test3" time="23.816"/>
  <testcase classname="TestCases.TC002_UsedCars" name="test4" time="2.176"/>
  <testcase classname="TestCases.TC001_HomePage" name="Test5" time="3.049"/>
  <testcase classname="TestCases.TC003_UpcomingBikePage" name="test6" time="1.93"/>
  <testcase classname="TestCases.TC003_UpcomingBikePage" name="test7" time="11.502"/>
  <testcase classname="TestCases.TC003_UpcomingBikePage" name="test8" time="1.791"/>
  <testcase classname="TestCases.TC001_HomePage" name="Test9" time="8.531"/>
</testsuite> <!-- EdgeTest -->
