<?xml version="1.0" encoding="UTF-8"?>
<!-- Generated by org.testng.reporters.JUnitXMLReporter -->
<testsuite ignored="0" hostname="LTIN233777" failures="0" tests="9" name="EdgeTest" time="87.623" errors="0" timestamp="2024-02-15T10:04:59 IST">
  <testcase classname="TestCases.TC001_HomePage" name="test1" time="0.718"/>
  <testcase classname="TestCases.TC001_HomePage" name="test" time="9.714"/>
  <testcase classname="TestCases.TC002_UsedCars" name="test3" time="24.715"/>
  <testcase classname="TestCases.TC002_UsedCars" name="test4" time="1.715"/>
  <testcase classname="TestCases.TC001_HomePage" name="test5" time="3.717"/>
  <testcase classname="TestCases.TC003_UpcomingBikePage" name="test6" time="2.536"/>
  <testcase classname="TestCases.TC003_UpcomingBikePage" name="test7" time="10.127"/>
  <testcase classname="TestCases.TC003_UpcomingBikePage" name="test8" time="1.703"/>
  <testcase classname="TestCases.TC001_HomePage" name="Test9" time="14.902"/>
</testsuite> <!-- EdgeTest -->
