<?xml version="1.0" encoding="UTF-8"?>
<testng-results ignored="0" total="18" passed="18" failed="0" skipped="0">
  <reporter-output>
  </reporter-output>
  <suite started-at="2024-02-15T10:01:50 IST" name="Suite" finished-at="2024-02-15T10:04:59 IST" duration-ms="188740">
    <groups>
      <group name="regression">
        <method signature="TC001_HomePage.test1()[pri:1, instance:TestCases.TC003_UpcomingBikePage@5af3afd9]" name="test1" class="TestCases.TC001_HomePage"/>
        <method signature="TC001_HomePage.test()[pri:2, instance:TestCases.TC003_UpcomingBikePage@5af3afd9]" name="test" class="TestCases.TC001_HomePage"/>
        <method signature="TC002_UsedCars.test3()[pri:3, instance:TestCases.TC003_UpcomingBikePage@5af3afd9]" name="test3" class="TestCases.TC002_UsedCars"/>
        <method signature="TC002_UsedCars.test4()[pri:4, instance:TestCases.TC003_UpcomingBikePage@5af3afd9]" name="test4" class="TestCases.TC002_UsedCars"/>
        <method signature="TC001_HomePage.test5()[pri:5, instance:TestCases.TC003_UpcomingBikePage@5af3afd9]" name="test5" class="TestCases.TC001_HomePage"/>
        <method signature="TC003_UpcomingBikePage.test6()[pri:6, instance:TestCases.TC003_UpcomingBikePage@5af3afd9]" name="test6" class="TestCases.TC003_UpcomingBikePage"/>
        <method signature="TC003_UpcomingBikePage.test7()[pri:7, instance:TestCases.TC003_UpcomingBikePage@5af3afd9]" name="test7" class="TestCases.TC003_UpcomingBikePage"/>
        <method signature="TC003_UpcomingBikePage.test8()[pri:8, instance:TestCases.TC003_UpcomingBikePage@5af3afd9]" name="test8" class="TestCases.TC003_UpcomingBikePage"/>
        <method signature="TC001_HomePage.test1()[pri:1, instance:TestCases.TC003_UpcomingBikePage@7f3b84b8]" name="test1" class="TestCases.TC001_HomePage"/>
        <method signature="TC001_HomePage.test()[pri:2, instance:TestCases.TC003_UpcomingBikePage@7f3b84b8]" name="test" class="TestCases.TC001_HomePage"/>
        <method signature="TC002_UsedCars.test3()[pri:3, instance:TestCases.TC003_UpcomingBikePage@7f3b84b8]" name="test3" class="TestCases.TC002_UsedCars"/>
        <method signature="TC002_UsedCars.test4()[pri:4, instance:TestCases.TC003_UpcomingBikePage@7f3b84b8]" name="test4" class="TestCases.TC002_UsedCars"/>
        <method signature="TC001_HomePage.test5()[pri:5, instance:TestCases.TC003_UpcomingBikePage@7f3b84b8]" name="test5" class="TestCases.TC001_HomePage"/>
        <method signature="TC003_UpcomingBikePage.test6()[pri:6, instance:TestCases.TC003_UpcomingBikePage@7f3b84b8]" name="test6" class="TestCases.TC003_UpcomingBikePage"/>
        <method signature="TC003_UpcomingBikePage.test7()[pri:7, instance:TestCases.TC003_UpcomingBikePage@7f3b84b8]" name="test7" class="TestCases.TC003_UpcomingBikePage"/>
        <method signature="TC003_UpcomingBikePage.test8()[pri:8, instance:TestCases.TC003_UpcomingBikePage@7f3b84b8]" name="test8" class="TestCases.TC003_UpcomingBikePage"/>
      </group> <!-- regression -->
      <group name="sanity">
        <method signature="TC001_HomePage.Test9()[pri:9, instance:TestCases.TC003_UpcomingBikePage@5af3afd9]" name="Test9" class="TestCases.TC001_HomePage"/>
        <method signature="TC001_HomePage.Test9()[pri:9, instance:TestCases.TC003_UpcomingBikePage@7f3b84b8]" name="Test9" class="TestCases.TC001_HomePage"/>
      </group> <!-- sanity -->
      <group name="master">
        <method signature="TC001_HomePage.test1()[pri:1, instance:TestCases.TC003_UpcomingBikePage@5af3afd9]" name="test1" class="TestCases.TC001_HomePage"/>
        <method signature="TC001_HomePage.test()[pri:2, instance:TestCases.TC003_UpcomingBikePage@5af3afd9]" name="test" class="TestCases.TC001_HomePage"/>
        <method signature="TC002_UsedCars.test3()[pri:3, instance:TestCases.TC003_UpcomingBikePage@5af3afd9]" name="test3" class="TestCases.TC002_UsedCars"/>
        <method signature="TC002_UsedCars.test4()[pri:4, instance:TestCases.TC003_UpcomingBikePage@5af3afd9]" name="test4" class="TestCases.TC002_UsedCars"/>
        <method signature="TC001_HomePage.test5()[pri:5, instance:TestCases.TC003_UpcomingBikePage@5af3afd9]" name="test5" class="TestCases.TC001_HomePage"/>
        <method signature="TC003_UpcomingBikePage.test6()[pri:6, instance:TestCases.TC003_UpcomingBikePage@5af3afd9]" name="test6" class="TestCases.TC003_UpcomingBikePage"/>
        <method signature="TC003_UpcomingBikePage.test7()[pri:7, instance:TestCases.TC003_UpcomingBikePage@5af3afd9]" name="test7" class="TestCases.TC003_UpcomingBikePage"/>
        <method signature="TC003_UpcomingBikePage.test8()[pri:8, instance:TestCases.TC003_UpcomingBikePage@5af3afd9]" name="test8" class="TestCases.TC003_UpcomingBikePage"/>
        <method signature="TC001_HomePage.Test9()[pri:9, instance:TestCases.TC003_UpcomingBikePage@5af3afd9]" name="Test9" class="TestCases.TC001_HomePage"/>
        <method signature="TC001_HomePage.test1()[pri:1, instance:TestCases.TC003_UpcomingBikePage@7f3b84b8]" name="test1" class="TestCases.TC001_HomePage"/>
        <method signature="TC001_HomePage.test()[pri:2, instance:TestCases.TC003_UpcomingBikePage@7f3b84b8]" name="test" class="TestCases.TC001_HomePage"/>
        <method signature="TC002_UsedCars.test3()[pri:3, instance:TestCases.TC003_UpcomingBikePage@7f3b84b8]" name="test3" class="TestCases.TC002_UsedCars"/>
        <method signature="TC002_UsedCars.test4()[pri:4, instance:TestCases.TC003_UpcomingBikePage@7f3b84b8]" name="test4" class="TestCases.TC002_UsedCars"/>
        <method signature="TC001_HomePage.test5()[pri:5, instance:TestCases.TC003_UpcomingBikePage@7f3b84b8]" name="test5" class="TestCases.TC001_HomePage"/>
        <method signature="TC003_UpcomingBikePage.test6()[pri:6, instance:TestCases.TC003_UpcomingBikePage@7f3b84b8]" name="test6" class="TestCases.TC003_UpcomingBikePage"/>
        <method signature="TC003_UpcomingBikePage.test7()[pri:7, instance:TestCases.TC003_UpcomingBikePage@7f3b84b8]" name="test7" class="TestCases.TC003_UpcomingBikePage"/>
        <method signature="TC003_UpcomingBikePage.test8()[pri:8, instance:TestCases.TC003_UpcomingBikePage@7f3b84b8]" name="test8" class="TestCases.TC003_UpcomingBikePage"/>
        <method signature="TC001_HomePage.Test9()[pri:9, instance:TestCases.TC003_UpcomingBikePage@7f3b84b8]" name="Test9" class="TestCases.TC001_HomePage"/>
      </group> <!-- master -->
    </groups>
    <test started-at="2024-02-15T10:01:50 IST" name="ChromeTest" finished-at="2024-02-15T10:03:31 IST" duration-ms="100533">
      <class name="TestCases.TC003_UpcomingBikePage">
        <test-method is-config="true" signature="setup(java.lang.String,java.lang.String)[pri:0, instance:TestCases.TC003_UpcomingBikePage@5af3afd9]" started-at="2024-02-15T10:01:51 IST" name="setup" finished-at="2024-02-15T10:02:04 IST" duration-ms="13274" status="PASS">
          <params>
            <param index="0">
              <value>
                <![CDATA[Windows]]>
              </value>
            </param>
            <param index="1">
              <value>
                <![CDATA[chrome]]>
              </value>
            </param>
          </params>
          <reporter-output>
          </reporter-output>
        </test-method> <!-- setup -->
        <test-method signature="test1()[pri:1, instance:TestCases.TC003_UpcomingBikePage@5af3afd9]" started-at="2024-02-15T10:02:04 IST" name="test1" finished-at="2024-02-15T10:02:06 IST" duration-ms="1615" status="PASS">
          <reporter-output>
          </reporter-output>
        </test-method> <!-- test1 -->
        <test-method signature="test()[pri:2, instance:TestCases.TC003_UpcomingBikePage@5af3afd9]" started-at="2024-02-15T10:02:06 IST" name="test" finished-at="2024-02-15T10:02:19 IST" duration-ms="12556" status="PASS">
          <reporter-output>
          </reporter-output>
        </test-method> <!-- test -->
        <test-method signature="test3()[pri:3, instance:TestCases.TC003_UpcomingBikePage@5af3afd9]" started-at="2024-02-15T10:02:19 IST" name="test3" finished-at="2024-02-15T10:02:47 IST" duration-ms="28113" status="PASS">
          <reporter-output>
          </reporter-output>
        </test-method> <!-- test3 -->
        <test-method signature="test4()[pri:4, instance:TestCases.TC003_UpcomingBikePage@5af3afd9]" started-at="2024-02-15T10:02:48 IST" name="test4" finished-at="2024-02-15T10:02:50 IST" duration-ms="1985" status="PASS">
          <reporter-output>
          </reporter-output>
        </test-method> <!-- test4 -->
        <test-method signature="test5()[pri:5, instance:TestCases.TC003_UpcomingBikePage@5af3afd9]" started-at="2024-02-15T10:02:51 IST" name="test5" finished-at="2024-02-15T10:02:56 IST" duration-ms="4465" status="PASS">
          <reporter-output>
          </reporter-output>
        </test-method> <!-- test5 -->
        <test-method signature="test6()[pri:6, instance:TestCases.TC003_UpcomingBikePage@5af3afd9]" started-at="2024-02-15T10:02:58 IST" name="test6" finished-at="2024-02-15T10:03:01 IST" duration-ms="3125" status="PASS">
          <reporter-output>
          </reporter-output>
        </test-method> <!-- test6 -->
        <test-method signature="test7()[pri:7, instance:TestCases.TC003_UpcomingBikePage@5af3afd9]" started-at="2024-02-15T10:03:01 IST" name="test7" finished-at="2024-02-15T10:03:15 IST" duration-ms="13504" status="PASS">
          <reporter-output>
          </reporter-output>
        </test-method> <!-- test7 -->
        <test-method signature="test8()[pri:8, instance:TestCases.TC003_UpcomingBikePage@5af3afd9]" started-at="2024-02-15T10:03:15 IST" name="test8" finished-at="2024-02-15T10:03:17 IST" duration-ms="2076" status="PASS">
          <reporter-output>
          </reporter-output>
        </test-method> <!-- test8 -->
        <test-method signature="Test9()[pri:9, instance:TestCases.TC003_UpcomingBikePage@5af3afd9]" started-at="2024-02-15T10:03:19 IST" name="Test9" finished-at="2024-02-15T10:03:29 IST" duration-ms="10219" status="PASS">
          <reporter-output>
          </reporter-output>
        </test-method> <!-- Test9 -->
        <test-method is-config="true" signature="teardown()[pri:0, instance:TestCases.TC003_UpcomingBikePage@5af3afd9]" started-at="2024-02-15T10:03:29 IST" name="teardown" finished-at="2024-02-15T10:03:31 IST" duration-ms="1186" status="PASS">
          <reporter-output>
          </reporter-output>
        </test-method> <!-- teardown -->
      </class> <!-- TestCases.TC003_UpcomingBikePage -->
    </test> <!-- ChromeTest -->
    <test started-at="2024-02-15T10:03:31 IST" name="EdgeTest" finished-at="2024-02-15T10:04:59 IST" duration-ms="87623">
      <class name="TestCases.TC003_UpcomingBikePage">
        <test-method is-config="true" signature="setup(java.lang.String,java.lang.String)[pri:0, instance:TestCases.TC003_UpcomingBikePage@7f3b84b8]" started-at="2024-02-15T10:03:31 IST" name="setup" finished-at="2024-02-15T10:03:42 IST" duration-ms="11105" status="PASS">
          <params>
            <param index="0">
              <value>
                <![CDATA[Windows]]>
              </value>
            </param>
            <param index="1">
              <value>
                <![CDATA[edge]]>
              </value>
            </param>
          </params>
          <reporter-output>
          </reporter-output>
        </test-method> <!-- setup -->
        <test-method signature="test1()[pri:1, instance:TestCases.TC003_UpcomingBikePage@7f3b84b8]" started-at="2024-02-15T10:03:42 IST" name="test1" finished-at="2024-02-15T10:03:43 IST" duration-ms="718" status="PASS">
          <reporter-output>
          </reporter-output>
        </test-method> <!-- test1 -->
        <test-method signature="test()[pri:2, instance:TestCases.TC003_UpcomingBikePage@7f3b84b8]" started-at="2024-02-15T10:03:43 IST" name="test" finished-at="2024-02-15T10:03:53 IST" duration-ms="9714" status="PASS">
          <reporter-output>
          </reporter-output>
        </test-method> <!-- test -->
        <test-method signature="test3()[pri:3, instance:TestCases.TC003_UpcomingBikePage@7f3b84b8]" started-at="2024-02-15T10:03:53 IST" name="test3" finished-at="2024-02-15T10:04:18 IST" duration-ms="24715" status="PASS">
          <reporter-output>
          </reporter-output>
        </test-method> <!-- test3 -->
        <test-method signature="test4()[pri:4, instance:TestCases.TC003_UpcomingBikePage@7f3b84b8]" started-at="2024-02-15T10:04:19 IST" name="test4" finished-at="2024-02-15T10:04:20 IST" duration-ms="1715" status="PASS">
          <reporter-output>
          </reporter-output>
        </test-method> <!-- test4 -->
        <test-method signature="test5()[pri:5, instance:TestCases.TC003_UpcomingBikePage@7f3b84b8]" started-at="2024-02-15T10:04:22 IST" name="test5" finished-at="2024-02-15T10:04:25 IST" duration-ms="3717" status="PASS">
          <reporter-output>
          </reporter-output>
        </test-method> <!-- test5 -->
        <test-method signature="test6()[pri:6, instance:TestCases.TC003_UpcomingBikePage@7f3b84b8]" started-at="2024-02-15T10:04:26 IST" name="test6" finished-at="2024-02-15T10:04:28 IST" duration-ms="2536" status="PASS">
          <reporter-output>
          </reporter-output>
        </test-method> <!-- test6 -->
        <test-method signature="test7()[pri:7, instance:TestCases.TC003_UpcomingBikePage@7f3b84b8]" started-at="2024-02-15T10:04:29 IST" name="test7" finished-at="2024-02-15T10:04:39 IST" duration-ms="10127" status="PASS">
          <reporter-output>
          </reporter-output>
        </test-method> <!-- test7 -->
        <test-method signature="test8()[pri:8, instance:TestCases.TC003_UpcomingBikePage@7f3b84b8]" started-at="2024-02-15T10:04:39 IST" name="test8" finished-at="2024-02-15T10:04:41 IST" duration-ms="1703" status="PASS">
          <reporter-output>
          </reporter-output>
        </test-method> <!-- test8 -->
        <test-method signature="Test9()[pri:9, instance:TestCases.TC003_UpcomingBikePage@7f3b84b8]" started-at="2024-02-15T10:04:42 IST" name="Test9" finished-at="2024-02-15T10:04:57 IST" duration-ms="14902" status="PASS">
          <reporter-output>
          </reporter-output>
        </test-method> <!-- Test9 -->
        <test-method is-config="true" signature="teardown()[pri:0, instance:TestCases.TC003_UpcomingBikePage@7f3b84b8]" started-at="2024-02-15T10:04:57 IST" name="teardown" finished-at="2024-02-15T10:04:59 IST" duration-ms="1341" status="PASS">
          <reporter-output>
          </reporter-output>
        </test-method> <!-- teardown -->
      </class> <!-- TestCases.TC003_UpcomingBikePage -->
    </test> <!-- EdgeTest -->
  </suite> <!-- Suite -->
</testng-results>
