<?xml version="1.0" encoding="UTF-8"?>
<testng-results ignored="0" total="12" passed="12" failed="0" skipped="0">
  <reporter-output>
  </reporter-output>
  <suite started-at="2024-02-07T10:14:55 IST" name="Suite" finished-at="2024-02-07T10:21:22 IST" duration-ms="386992">
    <groups>
      <group name="regression">
        <method signature="TC001_HomePage.test1()[pri:1, instance:TestCases.TC003_UsedCars@36ebc363]" name="test1" class="TestCases.TC001_HomePage"/>
        <method signature="TC001_HomePage.test2()[pri:2, instance:TestCases.TC003_UsedCars@36ebc363]" name="test2" class="TestCases.TC001_HomePage"/>
        <method signature="TC001_HomePage.test6()[pri:6, instance:TestCases.TC003_UsedCars@36ebc363]" name="test6" class="TestCases.TC001_HomePage"/>
        <method signature="TC003_UsedCars.test7()[pri:7, instance:TestCases.TC003_UsedCars@36ebc363]" name="test7" class="TestCases.TC003_UsedCars"/>
        <method signature="TC003_UsedCars.test8()[pri:8, instance:TestCases.TC003_UsedCars@36ebc363]" name="test8" class="TestCases.TC003_UsedCars"/>
        <method signature="TC001_HomePage.test1()[pri:1, instance:TestCases.TC003_UsedCars@ba2f4ec]" name="test1" class="TestCases.TC001_HomePage"/>
        <method signature="TC001_HomePage.test2()[pri:2, instance:TestCases.TC003_UsedCars@ba2f4ec]" name="test2" class="TestCases.TC001_HomePage"/>
        <method signature="TC001_HomePage.test6()[pri:6, instance:TestCases.TC003_UsedCars@ba2f4ec]" name="test6" class="TestCases.TC001_HomePage"/>
        <method signature="TC003_UsedCars.test7()[pri:7, instance:TestCases.TC003_UsedCars@ba2f4ec]" name="test7" class="TestCases.TC003_UsedCars"/>
        <method signature="TC003_UsedCars.test8()[pri:8, instance:TestCases.TC003_UsedCars@ba2f4ec]" name="test8" class="TestCases.TC003_UsedCars"/>
      </group> <!-- regression -->
      <group name="sanity">
        <method signature="TC001_HomePage.Test9()[pri:9, instance:TestCases.TC003_UsedCars@36ebc363]" name="Test9" class="TestCases.TC001_HomePage"/>
        <method signature="TC001_HomePage.Test9()[pri:9, instance:TestCases.TC003_UsedCars@ba2f4ec]" name="Test9" class="TestCases.TC001_HomePage"/>
      </group> <!-- sanity -->
      <group name="master">
        <method signature="TC001_HomePage.test1()[pri:1, instance:TestCases.TC003_UsedCars@36ebc363]" name="test1" class="TestCases.TC001_HomePage"/>
        <method signature="TC001_HomePage.test2()[pri:2, instance:TestCases.TC003_UsedCars@36ebc363]" name="test2" class="TestCases.TC001_HomePage"/>
        <method signature="TC001_HomePage.test6()[pri:6, instance:TestCases.TC003_UsedCars@36ebc363]" name="test6" class="TestCases.TC001_HomePage"/>
        <method signature="TC003_UsedCars.test7()[pri:7, instance:TestCases.TC003_UsedCars@36ebc363]" name="test7" class="TestCases.TC003_UsedCars"/>
        <method signature="TC003_UsedCars.test8()[pri:8, instance:TestCases.TC003_UsedCars@36ebc363]" name="test8" class="TestCases.TC003_UsedCars"/>
        <method signature="TC001_HomePage.Test9()[pri:9, instance:TestCases.TC003_UsedCars@36ebc363]" name="Test9" class="TestCases.TC001_HomePage"/>
        <method signature="TC001_HomePage.test1()[pri:1, instance:TestCases.TC003_UsedCars@ba2f4ec]" name="test1" class="TestCases.TC001_HomePage"/>
        <method signature="TC001_HomePage.test2()[pri:2, instance:TestCases.TC003_UsedCars@ba2f4ec]" name="test2" class="TestCases.TC001_HomePage"/>
        <method signature="TC001_HomePage.test6()[pri:6, instance:TestCases.TC003_UsedCars@ba2f4ec]" name="test6" class="TestCases.TC001_HomePage"/>
        <method signature="TC003_UsedCars.test7()[pri:7, instance:TestCases.TC003_UsedCars@ba2f4ec]" name="test7" class="TestCases.TC003_UsedCars"/>
        <method signature="TC003_UsedCars.test8()[pri:8, instance:TestCases.TC003_UsedCars@ba2f4ec]" name="test8" class="TestCases.TC003_UsedCars"/>
        <method signature="TC001_HomePage.Test9()[pri:9, instance:TestCases.TC003_UsedCars@ba2f4ec]" name="Test9" class="TestCases.TC001_HomePage"/>
      </group> <!-- master -->
    </groups>
    <test started-at="2024-02-07T10:14:55 IST" name="ChromeTest" finished-at="2024-02-07T10:17:41 IST" duration-ms="165428">
      <class name="TestCases.TC003_UsedCars">
        <test-method is-config="true" signature="setup(java.lang.String,java.lang.String)[pri:0, instance:TestCases.TC003_UsedCars@36ebc363]" started-at="2024-02-07T10:14:56 IST" name="setup" finished-at="2024-02-07T10:15:41 IST" duration-ms="45307" status="PASS">
          <params>
            <param index="0">
              <value>
                <![CDATA[Windows]]>
              </value>
            </param>
            <param index="1">
              <value>
                <![CDATA[chrome]]>
              </value>
            </param>
          </params>
          <reporter-output>
          </reporter-output>
        </test-method> <!-- setup -->
        <test-method signature="test1()[pri:1, instance:TestCases.TC003_UsedCars@36ebc363]" started-at="2024-02-07T10:15:41 IST" name="test1" finished-at="2024-02-07T10:15:43 IST" duration-ms="2012" status="PASS">
          <reporter-output>
          </reporter-output>
        </test-method> <!-- test1 -->
        <test-method signature="test2()[pri:2, instance:TestCases.TC003_UsedCars@36ebc363]" started-at="2024-02-07T10:15:44 IST" name="test2" finished-at="2024-02-07T10:16:17 IST" duration-ms="32648" status="PASS">
          <reporter-output>
          </reporter-output>
        </test-method> <!-- test2 -->
        <test-method signature="test6()[pri:6, instance:TestCases.TC003_UsedCars@36ebc363]" started-at="2024-02-07T10:16:17 IST" name="test6" finished-at="2024-02-07T10:16:57 IST" duration-ms="39841" status="PASS">
          <reporter-output>
          </reporter-output>
        </test-method> <!-- test6 -->
        <test-method signature="test7()[pri:7, instance:TestCases.TC003_UsedCars@36ebc363]" started-at="2024-02-07T10:16:57 IST" name="test7" finished-at="2024-02-07T10:17:24 IST" duration-ms="26865" status="PASS">
          <reporter-output>
          </reporter-output>
        </test-method> <!-- test7 -->
        <test-method signature="test8()[pri:8, instance:TestCases.TC003_UsedCars@36ebc363]" started-at="2024-02-07T10:17:24 IST" name="test8" finished-at="2024-02-07T10:17:28 IST" duration-ms="3201" status="PASS">
          <reporter-output>
          </reporter-output>
        </test-method> <!-- test8 -->
        <test-method signature="Test9()[pri:9, instance:TestCases.TC003_UsedCars@36ebc363]" started-at="2024-02-07T10:17:28 IST" name="Test9" finished-at="2024-02-07T10:17:39 IST" duration-ms="11150" status="PASS">
          <reporter-output>
          </reporter-output>
        </test-method> <!-- Test9 -->
        <test-method is-config="true" signature="teardown()[pri:0, instance:TestCases.TC003_UsedCars@36ebc363]" started-at="2024-02-07T10:17:40 IST" name="teardown" finished-at="2024-02-07T10:17:41 IST" duration-ms="1274" status="PASS">
          <reporter-output>
          </reporter-output>
        </test-method> <!-- teardown -->
      </class> <!-- TestCases.TC003_UsedCars -->
    </test> <!-- ChromeTest -->
    <test started-at="2024-02-07T10:17:41 IST" name="EdgeTest" finished-at="2024-02-07T10:21:22 IST" duration-ms="220978">
      <class name="TestCases.TC003_UsedCars">
        <test-method is-config="true" signature="setup(java.lang.String,java.lang.String)[pri:0, instance:TestCases.TC003_UsedCars@ba2f4ec]" started-at="2024-02-07T10:17:41 IST" name="setup" finished-at="2024-02-07T10:18:30 IST" duration-ms="48172" status="PASS">
          <params>
            <param index="0">
              <value>
                <![CDATA[Windows]]>
              </value>
            </param>
            <param index="1">
              <value>
                <![CDATA[edge]]>
              </value>
            </param>
          </params>
          <reporter-output>
          </reporter-output>
        </test-method> <!-- setup -->
        <test-method signature="test1()[pri:1, instance:TestCases.TC003_UsedCars@ba2f4ec]" started-at="2024-02-07T10:18:30 IST" name="test1" finished-at="2024-02-07T10:18:30 IST" duration-ms="484" status="PASS">
          <reporter-output>
          </reporter-output>
        </test-method> <!-- test1 -->
        <test-method signature="test2()[pri:2, instance:TestCases.TC003_UsedCars@ba2f4ec]" started-at="2024-02-07T10:18:31 IST" name="test2" finished-at="2024-02-07T10:19:30 IST" duration-ms="59028" status="PASS">
          <reporter-output>
          </reporter-output>
        </test-method> <!-- test2 -->
        <test-method signature="test6()[pri:6, instance:TestCases.TC003_UsedCars@ba2f4ec]" started-at="2024-02-07T10:19:30 IST" name="test6" finished-at="2024-02-07T10:20:11 IST" duration-ms="41374" status="PASS">
          <reporter-output>
          </reporter-output>
        </test-method> <!-- test6 -->
        <test-method signature="test7()[pri:7, instance:TestCases.TC003_UsedCars@ba2f4ec]" started-at="2024-02-07T10:20:12 IST" name="test7" finished-at="2024-02-07T10:20:37 IST" duration-ms="25198" status="PASS">
          <reporter-output>
          </reporter-output>
        </test-method> <!-- test7 -->
        <test-method signature="test8()[pri:8, instance:TestCases.TC003_UsedCars@ba2f4ec]" started-at="2024-02-07T10:20:37 IST" name="test8" finished-at="2024-02-07T10:21:12 IST" duration-ms="34616" status="PASS">
          <reporter-output>
          </reporter-output>
        </test-method> <!-- test8 -->
        <test-method signature="Test9()[pri:9, instance:TestCases.TC003_UsedCars@ba2f4ec]" started-at="2024-02-07T10:21:12 IST" name="Test9" finished-at="2024-02-07T10:21:21 IST" duration-ms="8639" status="PASS">
          <reporter-output>
          </reporter-output>
        </test-method> <!-- Test9 -->
        <test-method is-config="true" signature="teardown()[pri:0, instance:TestCases.TC003_UsedCars@ba2f4ec]" started-at="2024-02-07T10:21:21 IST" name="teardown" finished-at="2024-02-07T10:21:22 IST" duration-ms="1415" status="PASS">
          <reporter-output>
          </reporter-output>
        </test-method> <!-- teardown -->
      </class> <!-- TestCases.TC003_UsedCars -->
    </test> <!-- EdgeTest -->
  </suite> <!-- Suite -->
</testng-results>
